============================= test session starts =============================
platform win32 -- Python 3.14.0, pytest-9.0.2, pluggy-1.6.0
rootdir: C:\Users\carlo\Documents\1_Add_Projects\audit-riemann-work\source\riemann-conjecture
configfile: pyproject.toml
plugins: anyio-4.13.0
collected 235 items / 2 errors

=================================== ERRORS ====================================
________ ERROR collecting tests/test_exact_prime_schur_certificate.py _________
ImportError while importing test module 'C:\Users\carlo\Documents\1_Add_Projects\audit-riemann-work\source\riemann-conjecture\tests\test_exact_prime_schur_certificate.py'.
Hint: make sure your test modules/packages have valid Python names.
Traceback:
..\..\..\AppData\Local\Programs\Python\Python314\Lib\importlib\__init__.py:88: in import_module
    return _bootstrap._gcd_import(name[level:], package, level)
           ^^^^^^^^^^^^^^^^^^^^^^^^^^^^^^^^^^^^^^^^^^^^^^^^^^^^
source\riemann-conjecture\tests\test_exact_prime_schur_certificate.py:7: in <module>
    from scripts.cert.exact_prime_schur_certificate import build_exact_prime_schur_certificate
source\riemann-conjecture\scripts\cert\exact_prime_schur_certificate.py:20: in <module>
    from flint import ctx
E   ModuleNotFoundError: No module named 'flint'
_____________ ERROR collecting tests/test_pre_theorem_boundary.py _____________
ImportError while importing test module 'C:\Users\carlo\Documents\1_Add_Projects\audit-riemann-work\source\riemann-conjecture\tests\test_pre_theorem_boundary.py'.
Hint: make sure your test modules/packages have valid Python names.
Traceback:
..\..\..\AppData\Local\Programs\Python\Python314\Lib\importlib\__init__.py:88: in import_module
    return _bootstrap._gcd_import(name[level:], package, level)
           ^^^^^^^^^^^^^^^^^^^^^^^^^^^^^^^^^^^^^^^^^^^^^^^^^^^^
source\riemann-conjecture\tests\test_pre_theorem_boundary.py:9: in <module>
    from scripts import weil_continuation_driver as driver
source\riemann-conjecture\scripts\weil_continuation_driver.py:38: in <module>
    from scripts.continuation_bundle import (
source\riemann-conjecture\scripts\continuation_bundle.py:19: in <module>
    import flint
E   ModuleNotFoundError: No module named 'flint'
=========================== short test summary info ===========================
ERROR source\riemann-conjecture\tests\test_exact_prime_schur_certificate.py
ERROR source\riemann-conjecture\tests\test_pre_theorem_boundary.py
!!!!!!!!!!!!!!!!!!! Interrupted: 2 errors during collection !!!!!!!!!!!!!!!!!!!
============================== 2 errors in 0.33s ==============================
